<?xml version="1.0" encoding="UTF-8"?>
<!-- Generated by org.testng.reporters.JUnitReportReporter -->
<testsuite hostname="kenya" failures="0" tests="1" name="BaseDeDonnee.DataBase" time="0.601" errors="0" timestamp="2022-12-05T11:10:42 GMT+01:00" skipped="0">
  <testcase classname="BaseDeDonnee.DataBase" name="setUpDataBase" time="0.601"/>
  <system-out/>
</testsuite> <!-- BaseDeDonnee.DataBase -->
