<?xml version="1.0" encoding="UTF-8"?>
<!-- Generated by org.testng.reporters.JUnitReportReporter -->
<testsuite hostname="kenya" failures="0" tests="2" name="AcceeDirectAuFormulaires.CreationNvClientV4" time="17.875" errors="0" timestamp="2023-01-16T10:40:34 GMT+01:00" skipped="0">
  <testcase classname="AcceeDirectAuFormulaires.CreationNvClientV4" name="creationPersonnePhysique" time="9.021"/>
  <system-out/>
  <testcase classname="AcceeDirectAuFormulaires.CreationNvClientV4" name="adresseClient" time="8.854"/>
  <system-out/>
</testsuite> <!-- AcceeDirectAuFormulaires.CreationNvClientV4 -->
