<?xml version="1.0" encoding="UTF-8"?>
<!-- Generated by org.testng.reporters.JUnitReportReporter -->
<testsuite hostname="kenya" failures="0" tests="1" name="BaseDeDonnee.TestExpleNet" time="16.819" errors="0" timestamp="2022-12-28T09:50:18 GMT+01:00" skipped="0">
  <testcase classname="BaseDeDonnee.TestExpleNet" name="setup" time="16.819"/>
  <system-out/>
</testsuite> <!-- BaseDeDonnee.TestExpleNet -->
