<?xml version="1.0" encoding="UTF-8"?>
<!-- Generated by org.testng.reporters.JUnitReportReporter -->
<testsuite hostname="kenya" failures="0" tests="2" name="ClientLienDirect.CreationNvClientV4" time="7.591" errors="0" timestamp="2023-01-13T15:28:44 GMT+01:00" skipped="0">
  <testcase classname="ClientLienDirect.CreationNvClientV4" name="creationPersonnePhysique" time="4.170"/>
  <system-out/>
  <testcase classname="ClientLienDirect.CreationNvClientV4" name="adresseClient" time="3.421"/>
  <system-out/>
</testsuite> <!-- ClientLienDirect.CreationNvClientV4 -->
