<?xml version="1.0" encoding="UTF-8"?>
<!-- Generated by org.testng.reporters.JUnitReportReporter -->
<testsuite hostname="kenya" failures="0" tests="1" name="LesParametres.ParametrePersonneTest" time="13.177" errors="0" timestamp="2023-01-19T14:38:46 GMT+01:00" skipped="0">
  <testcase classname="LesParametres.ParametrePersonneTest" name="megaMenu" time="13.177"/>
  <system-out/>
</testsuite> <!-- LesParametres.ParametrePersonneTest -->
