<?xml version="1.0" encoding="UTF-8"?>
<!-- Generated by org.testng.reporters.JUnitReportReporter -->
<testsuite hostname="kenya" failures="0" tests="1" name="Automatique.testclient" time="5.405" errors="0" timestamp="2023-01-19T16:50:18 GMT+01:00" skipped="0">
  <testcase classname="Automatique.testclient" name="lesFormulaires" time="5.405"/>
  <system-out/>
</testsuite> <!-- Automatique.testclient -->
