<?xml version="1.0" encoding="UTF-8"?>
<!-- Generated by org.testng.reporters.JUnitReportReporter -->
<testsuite hostname="kenya" failures="0" tests="1" name="ClassTestN.parametreTest" time="14.626" errors="0" timestamp="2023-01-05T16:17:53 GMT+01:00" skipped="0">
  <testcase classname="ClassTestN.parametreTest" name="megaMenu" time="14.626"/>
  <system-out/>
</testsuite> <!-- ClassTestN.parametreTest -->
