<?xml version="1.0" encoding="UTF-8"?>
<!-- Generated by org.testng.reporters.JUnitReportReporter -->
<testsuite hostname="kenya" failures="0" tests="1" name="BaseDeDonnee.ConsutationParametrePersonne" time="10.632" errors="0" timestamp="2023-01-06T14:20:36 GMT+01:00" skipped="0">
  <testcase classname="BaseDeDonnee.ConsutationParametrePersonne" name="consultation_Devise" time="10.632"/>
  <system-out/>
</testsuite> <!-- BaseDeDonnee.ConsutationParametrePersonne -->
