<?xml version="1.0" encoding="UTF-8"?>
<!-- Generated by org.testng.reporters.JUnitReportReporter -->
<testsuite hostname="kenya" failures="0" tests="1" name="Automatique.LCPtestingopemod" time="15.011" errors="0" timestamp="2023-02-01T14:25:33 GMT+01:00" skipped="0">
  <testcase classname="Automatique.LCPtestingopemod" name="lesOperations" time="15.011"/>
  <system-out/>
</testsuite> <!-- Automatique.LCPtestingopemod -->
