<?xml version="1.0" encoding="UTF-8"?>
<!-- Generated by org.testng.reporters.JUnitReportReporter -->
<testsuite hostname="kenya" failures="0" tests="1" name="BaseDeDonnee.DateBaseParcourTableHorsNotreProject" time="0.808" errors="1" timestamp="2022-12-08T09:13:06 GMT+01:00" skipped="0">
  <testcase classname="BaseDeDonnee.DateBaseParcourTableHorsNotreProject" name="requete" time="0.808">
    <error message="
[public void BaseDeDonnee.DateBaseParcourTableHorsNotreProject.requete(java.lang.String)] has no parameters defined but was found to be using a data provider (either explicitly specified or inherited from class level annotation).
Data provider mismatch
Method: requete([Parameter{index=0, type=java.lang.String, declaredAnnotations=[]}])
Arguments: [(java.lang.String) 0,(java.lang.String) 2022-10-04 00:00:00,(java.lang.String) 140456,(java.lang.String) 17001,(java.lang.String) R350,(java.lang.String) 0,(java.lang.String) 2890736,(java.lang.String) 82,(java.lang.String) 009415921,(java.lang.String) TND,null,(java.lang.String) 4031,(java.lang.String) CE,null,(java.lang.String) CE,null,null,null,(java.lang.String) 3,(java.lang.String) 2022-10-04 00:00:00,(java.lang.String) 0,(java.lang.String) 1,(java.lang.String) 9,(java.lang.String) 0,(java.lang.String) RIAHI,(java.lang.String) SOUHA,(java.lang.String) 1989-05-15 00:00:00,(java.lang.String) TN,(java.lang.String) TUNIS SOKRA,null,null,null,null,null,null,null,(java.lang.String) TN59,(java.lang.String) 17,(java.lang.String) 503,(java.lang.String) 2890736,(java.lang.String) 82,null,null,(java.lang.String) 0,(java.lang.String) 0,(java.lang.String) 0,(java.lang.String) 0,(java.lang.String) 0,(java.lang.String) 0,(java.lang.String) 0,(java.lang.String) 0,(java.lang.String) 0,null,null,(java.lang.String) 0,(java.lang.String) 09415921,null,null,(java.lang.String) 0,null,(java.lang.String) 0,null,null,null,null,null,null,null,null,null,null,null,null,(java.lang.String) 0,(java.lang.String) 18100,null,(java.lang.String) 0,null,(java.lang.String) 0,null,(java.lang.String) 0,(java.lang.String) 0,(java.lang.String) 0,(java.lang.String) 0,(java.lang.String) 0,null,null,(java.lang.String) 0,(java.lang.String) 0,(java.lang.String) 4031,(java.lang.String) 4088,null,(java.lang.String) 0,null,(java.lang.String) 0,null,null,null,null,null,(java.lang.String) 17503000000289073682,null,null,(java.lang.String) 0,(java.lang.String) 0,(java.lang.String) 0,(java.lang.String) 0,null,null,null,(java.lang.String) 0,null,(java.lang.String) 0,(java.lang.String) 0,(java.lang.String) 0,(java.lang.String) 2022-10-04 00:00:00,(java.lang.String) 0,null,(java.lang.String) 0,null,(java.lang.String) 0,null,(java.lang.String) 0,null,(java.lang.String) 0,null,null,(java.lang.String) 1088,(java.lang.String) 0,null,(java.lang.String) 0,null,null,null,null,null,null,null,null,null,null,null,null,null,null,null,null,null,null,null,null,null,null,null,null,null,null,null,null,null,null,null,null,null,null,null,null,null,null,null,null,null,null,null,null,null,null,null]" type="org.testng.internal.reflect.MethodMatcherException">
      <![CDATA[org.testng.internal.reflect.MethodMatcherException: 
[public void BaseDeDonnee.DateBaseParcourTableHorsNotreProject.requete(java.lang.String)] has no parameters defined but was found to be using a data provider (either explicitly specified or inherited from class level annotation).
Data provider mismatch
Method: requete([Parameter{index=0, type=java.lang.String, declaredAnnotations=[]}])
Arguments: [(java.lang.String) 0,(java.lang.String) 2022-10-04 00:00:00,(java.lang.String) 140456,(java.lang.String) 17001,(java.lang.String) R350,(java.lang.String) 0,(java.lang.String) 2890736,(java.lang.String) 82,(java.lang.String) 009415921,(java.lang.String) TND,null,(java.lang.String) 4031,(java.lang.String) CE,null,(java.lang.String) CE,null,null,null,(java.lang.String) 3,(java.lang.String) 2022-10-04 00:00:00,(java.lang.String) 0,(java.lang.String) 1,(java.lang.String) 9,(java.lang.String) 0,(java.lang.String) RIAHI,(java.lang.String) SOUHA,(java.lang.String) 1989-05-15 00:00:00,(java.lang.String) TN,(java.lang.String) TUNIS SOKRA,null,null,null,null,null,null,null,(java.lang.String) TN59,(java.lang.String) 17,(java.lang.String) 503,(java.lang.String) 2890736,(java.lang.String) 82,null,null,(java.lang.String) 0,(java.lang.String) 0,(java.lang.String) 0,(java.lang.String) 0,(java.lang.String) 0,(java.lang.String) 0,(java.lang.String) 0,(java.lang.String) 0,(java.lang.String) 0,null,null,(java.lang.String) 0,(java.lang.String) 09415921,null,null,(java.lang.String) 0,null,(java.lang.String) 0,null,null,null,null,null,null,null,null,null,null,null,null,(java.lang.String) 0,(java.lang.String) 18100,null,(java.lang.String) 0,null,(java.lang.String) 0,null,(java.lang.String) 0,(java.lang.String) 0,(java.lang.String) 0,(java.lang.String) 0,(java.lang.String) 0,null,null,(java.lang.String) 0,(java.lang.String) 0,(java.lang.String) 4031,(java.lang.String) 4088,null,(java.lang.String) 0,null,(java.lang.String) 0,null,null,null,null,null,(java.lang.String) 17503000000289073682,null,null,(java.lang.String) 0,(java.lang.String) 0,(java.lang.String) 0,(java.lang.String) 0,null,null,null,(java.lang.String) 0,null,(java.lang.String) 0,(java.lang.String) 0,(java.lang.String) 0,(java.lang.String) 2022-10-04 00:00:00,(java.lang.String) 0,null,(java.lang.String) 0,null,(java.lang.String) 0,null,(java.lang.String) 0,null,(java.lang.String) 0,null,null,(java.lang.String) 1088,(java.lang.String) 0,null,(java.lang.String) 0,null,null,null,null,null,null,null,null,null,null,null,null,null,null,null,null,null,null,null,null,null,null,null,null,null,null,null,null,null,null,null,null,null,null,null,null,null,null,null,null,null,null,null,null,null,null,null]
at org.testng.internal.reflect.DataProviderMethodMatcher.getConformingArguments(DataProviderMethodMatcher.java:43)
at org.testng.internal.Parameters.injectParameters(Parameters.java:914)
at org.testng.internal.MethodRunner.runInSequence(MethodRunner.java:34)
at org.testng.internal.TestInvoker$MethodInvocationAgent.invoke(TestInvoker.java:824)
at org.testng.internal.TestInvoker.invokeTestMethods(TestInvoker.java:146)
at org.testng.internal.TestMethodWorker.invokeTestMethods(TestMethodWorker.java:146)
at org.testng.internal.TestMethodWorker.run(TestMethodWorker.java:128)
at java.base/java.util.ArrayList.forEach(ArrayList.java:1511)
at org.testng.TestRunner.privateRun(TestRunner.java:794)
at org.testng.TestRunner.run(TestRunner.java:596)
at org.testng.SuiteRunner.runTest(SuiteRunner.java:377)
at org.testng.SuiteRunner.runSequentially(SuiteRunner.java:371)
at org.testng.SuiteRunner.privateRun(SuiteRunner.java:332)
at org.testng.SuiteRunner.run(SuiteRunner.java:276)
at org.testng.SuiteRunnerWorker.runSuite(SuiteRunnerWorker.java:53)
at org.testng.SuiteRunnerWorker.run(SuiteRunnerWorker.java:96)
at org.testng.TestNG.runSuitesSequentially(TestNG.java:1212)
at org.testng.TestNG.runSuitesLocally(TestNG.java:1134)
at org.testng.TestNG.runSuites(TestNG.java:1063)
at org.testng.TestNG.run(TestNG.java:1031)
at org.testng.remote.AbstractRemoteTestNG.run(AbstractRemoteTestNG.java:115)
at org.testng.remote.RemoteTestNG.initAndRun(RemoteTestNG.java:251)
at org.testng.remote.RemoteTestNG.main(RemoteTestNG.java:77)
]]>
    </error>
  </testcase> <!-- requete -->
  <system-out/>
</testsuite> <!-- BaseDeDonnee.DateBaseParcourTableHorsNotreProject -->
