<?xml version="1.0" encoding="UTF-8"?>
<!-- Generated by org.testng.reporters.JUnitReportReporter -->
<testsuite hostname="kenya" failures="0" tests="1" name="BaseDeDonnee.BaseDeDonneeTestTest" time="0.755" errors="0" timestamp="2022-12-01T16:12:40 GMT+01:00" skipped="0">
  <testcase classname="BaseDeDonnee.BaseDeDonneeTestTest" name="getBDValues" time="0.755"/>
  <system-out/>
</testsuite> <!-- BaseDeDonnee.BaseDeDonneeTestTest -->
