<?xml version="1.0" encoding="UTF-8"?>
<!-- Generated by org.testng.reporters.JUnitReportReporter -->
<testsuite hostname="kenya" failures="0" tests="1" name="ClassTestN.TestExpleNet" time="17.523" errors="0" timestamp="2022-12-28T15:52:28 GMT+01:00" skipped="0">
  <testcase classname="ClassTestN.TestExpleNet" name="setup" time="17.523"/>
  <system-out/>
</testsuite> <!-- ClassTestN.TestExpleNet -->
