<?xml version="1.0" encoding="UTF-8"?>
<!-- Generated by org.testng.reporters.JUnitReportReporter -->
<testsuite hostname="kenya" failures="0" tests="1" name="AcceeDirectAuFormulaires.CreationNvCompteFormulaire" time="1.564" errors="0" timestamp="2023-01-13T16:11:09 GMT+01:00" skipped="0">
  <testcase classname="AcceeDirectAuFormulaires.CreationNvCompteFormulaire" name="creationComptePersonnePhysique" time="1.564"/>
  <system-out/>
</testsuite> <!-- AcceeDirectAuFormulaires.CreationNvCompteFormulaire -->
