<?xml version="1.0" encoding="UTF-8"?>
<!-- Generated by org.testng.reporters.JUnitReportReporter -->
<testsuite hostname="kenya" failures="0" tests="1" name="Automatique.creationCMsgErreurStatique" time="4.229" errors="0" timestamp="2023-01-26T12:41:07 GMT+01:00" skipped="0">
  <testcase classname="Automatique.creationCMsgErreurStatique" name="lesEtatsparametrer" time="4.229"/>
  <system-out/>
</testsuite> <!-- Automatique.creationCMsgErreurStatique -->
