<?xml version="1.0" encoding="UTF-8"?>
<!-- Generated by org.testng.reporters.JUnitReportReporter -->
<testsuite hostname="kenya" failures="0" tests="1" name="CasDeTest.ContentHeaderTest" time="2.185" errors="0" timestamp="2022-11-29T09:53:18 GMT+01:00" skipped="0">
  <testcase classname="CasDeTest.ContentHeaderTest" name="ouverture" time="2.185"/>
  <system-out/>
</testsuite> <!-- CasDeTest.ContentHeaderTest -->
