<?xml version="1.0" encoding="UTF-8"?>
<!-- Generated by org.testng.reporters.JUnitReportReporter -->
<testsuite hostname="kenya" failures="0" tests="1" name="Automatique.EtatParmtEnBoucle" time="12.666" errors="0" timestamp="2023-02-01T11:59:59 GMT+01:00" skipped="0">
  <testcase classname="Automatique.EtatParmtEnBoucle" name="lesEtats" time="12.666"/>
  <system-out/>
</testsuite> <!-- Automatique.EtatParmtEnBoucle -->
