<?xml version="1.0" encoding="UTF-8"?>
<!-- Generated by org.testng.reporters.JUnitReportReporter -->
<testsuite hostname="kenya" failures="0" tests="2" name="ClientLienDirect.CreationNvClient" time="11.673" errors="0" timestamp="2023-01-13T15:19:40 GMT+01:00" skipped="0">
  <testcase classname="ClientLienDirect.CreationNvClient" name="creationPersonnePhysique" time="8.305"/>
  <system-out/>
  <testcase classname="ClientLienDirect.CreationNvClient" name="adresseClient" time="3.368"/>
  <system-out/>
</testsuite> <!-- ClientLienDirect.CreationNvClient -->
