<?xml version="1.0" encoding="UTF-8"?>
<!-- Generated by org.testng.reporters.JUnitReportReporter -->
<testsuite hostname="kenya" failures="0" tests="1" name="CasDeTest.FormulaireCompteTest" time="0.716" errors="0" timestamp="2022-12-08T10:32:39 GMT+01:00" skipped="0">
  <testcase classname="CasDeTest.FormulaireCompteTest" name="formulaireCompteBase" time="0.716"/>
  <system-out/>
</testsuite> <!-- CasDeTest.FormulaireCompteTest -->
